# JRE version: OpenJDK Runtime Environment (11.0.11+9) (build 11.0.11+9-b60-7590822)
# Java VM: OpenJDK 64-Bit Server VM (11.0.11+9-b60-7590822, mixed mode, tiered, compressed oops, g1 gc, windows-amd64)
Heap:
 garbage-first heap   total 121856K, used 56013K [0x00000000a4000000, 0x0000000100000000)
  region size 1024K, 35 young (35840K), 6 survivors (6144K)
 Metaspace       used 47975K, capacity 48552K, committed 48720K, reserved 1091584K
  class space    used 5583K, capacity 5819K, committed 5888K, reserved 1048576K
GC Heap History (14 events):
Event: 0.872 GC heap before
{Heap before GC invocations=0 (full 0):
 garbage-first heap   total 94208K, used 9216K [0x00000000a4000000, 0x0000000100000000)
  region size 1024K, 7 young (7168K), 0 survivors (0K)
 Metaspace       used 7011K, capacity 7055K, committed 7296K, reserved 1056768K
  class space    used 600K, capacity 628K, committed 640K, reserved 1048576K
}
Event: 0.879 GC heap after
{Heap after GC invocations=1 (full 0):
 garbage-first heap   total 94208K, used 5052K [0x00000000a4000000, 0x0000000100000000)
  region size 1024K, 1 young (1024K), 1 survivors (1024K)
 Metaspace       used 7011K, capacity 7055K, committed 7296K, reserved 1056768K
  class space    used 600K, capacity 628K, committed 640K, reserved 1048576K
}
Event: 3.543 GC heap before
{Heap before GC invocations=1 (full 0):
 garbage-first heap   total 94208K, used 41916K [0x00000000a4000000, 0x0000000100000000)
  region size 1024K, 36 young (36864K), 1 survivors (1024K)
 Metaspace       used 15448K, capacity 15555K, committed 15616K, reserved 1062912K
  class space    used 1496K, capacity 1515K, committed 1536K, reserved 1048576K
}
Event: 3.568 GC heap after
{Heap after GC invocations=2 (full 0):
 garbage-first heap   total 94208K, used 8123K [0x00000000a4000000, 0x0000000100000000)
  region size 1024K, 4 young (4096K), 4 survivors (4096K)
 Metaspace       used 15448K, capacity 15555K, committed 15616K, reserved 1062912K
  class space    used 1496K, capacity 1515K, committed 1536K, reserved 1048576K
}
Event: 4.836 GC heap before
{Heap before GC invocations=2 (full 0):
 garbage-first heap   total 94208K, used 23483K [0x00000000a4000000, 0x0000000100000000)
  region size 1024K, 19 young (19456K), 4 survivors (4096K)
 Metaspace       used 19977K, capacity 20218K, committed 20480K, reserved 1067008K
  class space    used 2135K, capacity 2211K, committed 2304K, reserved 1048576K
}
Event: 4.871 GC heap after
{Heap after GC invocations=3 (full 0):
 garbage-first heap   total 94208K, used 9378K [0x00000000a4000000, 0x0000000100000000)
  region size 1024K, 2 young (2048K), 2 survivors (2048K)
 Metaspace       used 19977K, capacity 20218K, committed 20480K, reserved 1067008K
  class space    used 2135K, capacity 2211K, committed 2304K, reserved 1048576K
}
Event: 5.583 GC heap before
{Heap before GC invocations=3 (full 0):
 garbage-first heap   total 94208K, used 12450K [0x00000000a4000000, 0x0000000100000000)
  region size 1024K, 6 young (6144K), 2 survivors (2048K)
 Metaspace       used 20904K, capacity 21146K, committed 21296K, reserved 1069056K
  class space    used 2253K, capacity 2347K, committed 2432K, reserved 1048576K
}
Event: 5.657 GC heap after
{Heap after GC invocations=4 (full 0):
 garbage-first heap   total 94208K, used 9241K [0x00000000a4000000, 0x0000000100000000)
  region size 1024K, 2 young (2048K), 2 survivors (2048K)
 Metaspace       used 20904K, capacity 21146K, committed 21296K, reserved 1069056K
  class space    used 2253K, capacity 2347K, committed 2432K, reserved 1048576K
}
Event: 9.739 GC heap before
{Heap before GC invocations=5 (full 0):
 garbage-first heap   total 94208K, used 48153K [0x00000000a4000000, 0x0000000100000000)
  region size 1024K, 37 young (37888K), 2 survivors (2048K)
 Metaspace       used 31319K, capacity 31744K, committed 32048K, reserved 1077248K
  class space    used 3734K, capacity 3940K, committed 3968K, reserved 1048576K
}
Event: 9.777 GC heap after
{Heap after GC invocations=6 (full 0):
 garbage-first heap   total 121856K, used 15578K [0x00000000a4000000, 0x0000000100000000)
  region size 1024K, 5 young (5120K), 5 survivors (5120K)
 Metaspace       used 31319K, capacity 31744K, committed 32048K, reserved 1077248K
  class space    used 3734K, capacity 3940K, committed 3968K, reserved 1048576K
}
Event: 16.908 GC heap before
{Heap before GC invocations=6 (full 0):
 garbage-first heap   total 121856K, used 46298K [0x00000000a4000000, 0x0000000100000000)
  region size 1024K, 34 young (34816K), 5 survivors (5120K)
 Metaspace       used 35258K, capacity 35694K, committed 35920K, reserved 1081344K
  class space    used 4359K, capacity 4551K, committed 4608K, reserved 1048576K
}
Event: 16.972 GC heap after
{Heap after GC invocations=7 (full 0):
 garbage-first heap   total 121856K, used 22538K [0x00000000a4000000, 0x0000000100000000)
  region size 1024K, 6 young (6144K), 6 survivors (6144K)
 Metaspace       used 35258K, capacity 35694K, committed 35920K, reserved 1081344K
  class space    used 4359K, capacity 4551K, committed 4608K, reserved 1048576K
}
Event: 20.856 GC heap before
{Heap before GC invocations=8 (full 0):
 garbage-first heap   total 121856K, used 72714K [0x00000000a4000000, 0x0000000100000000)
  region size 1024K, 55 young (56320K), 6 survivors (6144K)
 Metaspace       used 44410K, capacity 44880K, committed 45264K, reserved 1089536K
  class space    used 5228K, capacity 5408K, committed 5504K, reserved 1048576K
}
Event: 20.955 GC heap after
{Heap after GC invocations=9 (full 0):
 garbage-first heap   total 121856K, used 25293K [0x00000000a4000000, 0x0000000100000000)
  region size 1024K, 6 young (6144K), 6 survivors (6144K)
 Metaspace       used 44410K, capacity 44880K, committed 45264K, reserved 1089536K
  class space    used 5228K, capacity 5408K, committed 5504K, reserved 1048576K
}

